1
0
1
ASSEMBLY
4
FND-1
FND
MASS-1
MASS
PIER-1
PIER
SOIL-1
SOIL
4
FND-1
40
2 1
3 2
4 3
5 4
6 5
7 6
8 7
9 8
10 9
11 10
12 11
13 12
14 13
15 14
16 15
17 16
18 17
19 18
20 19
21 20
22 21
23 22
24 23
25 24
26 25
27 26
28 27
29 28
30 29
31 30
32 31
33 32
34 33
35 35
36 37
37 39
38 41
39 43
40 45
41 46
1 2
2 3
3 4
4 5
5 6
6 7
7 8
8 9
9 10
10 11
11 12
12 13
13 14
14 15
15 16
16 17
17 18
18 19
19 20
20 21
21 22
22 23
23 24
24 25
25 26
26 27
27 28
28 29
29 30
30 31
31 32
32 33
33 34
35 35
37 36
39 37
41 38
43 39
45 40
46 41
MASS-1
1
42 1
1 42
PIER-1
3
43 1
44 2
45 3
1 43
2 44
3 45
SOIL-1
1125
46 1
47 2
48 3
49 4
50 5
51 6
52 7
53 8
54 9
55 10
56 11
57 12
58 13
59 14
60 15
61 16
62 17
63 18
64 19
65 20
66 21
67 22
68 23
69 24
70 25
71 26
72 27
73 28
74 29
75 30
76 31
77 32
78 33
79 34
80 35
81 36
82 37
83 38
84 39
85 40
86 41
87 42
88 43
89 44
90 45
91 46
92 47
93 48
94 49
95 50
96 51
97 52
98 53
99 54
100 55
101 56
102 57
103 58
104 59
105 60
106 61
107 62
108 63
109 64
110 65
111 66
112 67
113 68
114 69
115 70
116 71
117 72
118 73
119 74
120 75
121 76
122 77
123 78
124 79
125 80
126 81
127 82
128 83
129 84
130 85
131 86
132 87
133 88
134 89
135 90
136 91
137 92
138 93
139 94
140 95
141 96
142 97
143 98
144 99
145 100
146 101
147 102
148 103
149 104
150 105
151 106
152 107
153 108
154 109
155 110
156 111
157 112
158 113
159 114
160 115
161 116
162 117
163 118
164 119
165 120
166 121
167 122
168 123
169 124
170 125
171 126
172 127
173 128
174 129
175 130
176 131
177 132
178 133
179 134
180 135
181 136
182 137
183 138
184 139
185 140
186 141
187 142
188 143
189 144
190 145
191 146
192 147
193 148
194 149
195 150
196 151
197 152
198 153
199 154
200 155
201 156
202 157
203 158
204 159
205 160
206 161
207 162
208 163
209 164
210 165
211 166
212 167
213 168
214 169
215 170
216 171
217 172
218 173
219 174
220 175
221 176
222 177
223 178
224 179
225 180
226 181
227 182
228 183
229 184
230 185
231 186
232 187
233 188
234 189
235 190
236 191
237 192
238 193
239 194
240 195
241 196
242 197
243 198
244 199
245 200
246 201
247 202
248 203
249 204
250 205
251 206
252 207
253 208
254 209
255 210
256 211
257 212
258 213
259 214
260 215
261 216
262 217
263 218
264 219
265 220
266 221
267 222
268 223
269 224
270 225
271 226
272 227
273 228
274 229
275 230
276 231
277 232
278 233
279 234
280 235
281 236
282 237
283 238
284 239
285 240
286 241
287 242
288 243
289 244
290 245
291 246
292 247
293 248
294 249
295 250
296 251
297 252
298 253
299 254
300 255
301 256
302 257
303 258
304 259
305 260
306 261
307 262
308 263
309 264
310 265
311 266
312 267
313 268
314 269
315 270
316 271
317 272
318 273
319 274
320 275
321 276
322 277
323 278
324 279
325 280
326 281
327 282
328 283
329 284
330 285
331 286
332 287
333 288
334 289
335 290
336 291
337 292
338 293
339 294
340 295
341 296
342 297
343 298
344 299
345 300
346 301
347 302
348 303
349 304
350 305
351 306
352 307
353 308
354 309
355 310
356 311
357 312
358 313
359 314
360 315
361 316
362 317
363 318
364 319
365 320
366 321
367 322
368 323
369 324
370 325
371 326
372 327
373 328
374 329
375 330
376 331
377 332
378 333
379 334
380 335
381 336
382 337
383 338
384 339
385 340
386 341
387 342
388 343
389 344
390 345
391 346
392 347
393 348
394 349
395 350
396 351
397 352
398 353
399 354
400 355
401 356
402 357
403 358
404 359
405 360
406 361
407 362
408 363
409 364
410 365
411 366
412 367
413 368
414 369
415 370
416 371
417 372
418 373
419 374
420 375
421 376
422 377
423 378
424 379
425 380
426 381
427 382
428 383
429 384
430 385
431 386
432 387
433 388
434 389
435 390
436 391
437 392
438 393
439 394
440 395
441 396
442 397
443 398
444 399
445 400
446 401
447 402
448 403
449 404
450 405
451 406
452 407
453 408
454 409
455 410
456 411
457 412
458 413
459 414
460 415
461 416
462 417
463 418
464 419
465 420
466 421
467 422
468 423
469 424
470 425
471 426
472 427
473 428
474 429
475 430
476 431
477 432
478 433
479 434
480 435
481 436
482 437
483 438
484 439
485 440
486 441
487 442
488 443
489 444
490 445
491 446
492 447
493 448
494 449
495 450
496 451
497 452
498 453
499 454
500 455
501 456
502 457
503 458
504 459
505 460
506 461
507 462
508 463
509 464
510 465
511 466
512 467
513 468
514 469
515 470
516 471
517 472
518 473
519 474
520 475
521 476
522 477
523 478
524 479
525 480
526 481
527 482
528 483
529 484
530 485
531 486
532 487
533 488
534 489
535 490
536 491
537 492
538 493
539 494
540 495
541 496
542 497
543 498
544 499
545 500
546 501
547 502
548 503
549 504
550 505
551 506
552 507
553 508
554 509
555 510
556 511
557 512
558 513
559 514
560 515
561 516
562 517
563 518
564 519
565 520
566 521
567 522
568 523
569 524
570 525
571 526
572 527
573 528
574 529
575 530
576 531
577 532
578 533
579 534
580 535
581 536
582 537
583 538
584 539
585 540
586 541
587 542
588 543
589 544
590 545
591 546
592 547
593 548
594 549
595 550
596 551
597 552
598 553
599 554
600 555
601 556
602 557
603 558
604 559
605 560
606 561
607 562
608 563
609 564
610 565
611 566
612 567
613 568
614 569
615 570
616 571
617 572
618 573
619 574
620 575
621 576
622 577
623 578
624 579
625 580
626 581
627 582
628 583
629 584
630 585
631 586
632 587
633 588
634 589
635 590
636 591
637 592
638 593
639 594
640 595
641 596
642 597
643 598
644 599
645 600
646 601
647 602
648 603
649 604
650 605
651 606
652 607
653 608
654 609
655 610
656 611
657 612
658 613
659 614
660 615
661 616
662 617
663 618
664 619
665 620
666 621
667 622
668 623
669 624
670 625
671 626
672 627
673 628
674 629
675 630
676 631
677 632
678 633
679 634
680 635
681 636
682 637
683 638
684 639
685 640
686 641
687 642
688 643
689 644
690 645
691 646
692 647
693 648
694 649
695 650
696 651
697 652
698 653
699 654
700 655
701 656
702 657
703 658
704 659
705 660
706 661
707 662
708 663
709 664
710 665
711 666
712 667
713 668
714 669
715 670
716 671
717 672
718 673
719 674
720 675
721 676
722 677
723 679
724 681
725 683
726 685
727 687
728 689
729 691
730 693
731 695
732 697
733 699
734 701
735 703
736 705
737 707
738 709
739 711
740 713
741 715
742 717
743 719
744 721
745 723
746 724
747 725
748 727
749 729
750 731
751 733
752 735
753 737
754 739
755 741
756 743
757 745
758 747
759 749
760 751
761 753
762 755
763 757
764 759
765 761
766 763
767 765
768 767
769 769
770 771
771 772
772 773
773 775
774 777
775 779
776 781
777 783
778 785
779 787
780 789
781 791
782 793
783 795
784 797
785 799
786 801
787 803
788 805
789 807
790 809
791 811
792 813
793 815
794 817
795 819
796 820
797 821
798 823
799 825
800 827
801 829
802 831
803 833
804 835
805 837
806 839
807 841
808 843
809 845
810 847
811 849
812 851
813 853
814 855
815 857
816 859
817 861
818 863
819 865
820 867
821 868
822 869
823 871
824 873
825 875
826 877
827 879
828 881
829 883
830 885
831 887
832 889
833 891
834 893
835 895
836 897
837 899
838 901
839 903
840 905
841 907
842 909
843 911
844 913
845 915
846 916
847 917
848 919
849 921
850 923
851 925
852 927
853 929
854 931
855 933
856 935
857 937
858 939
859 941
860 943
861 945
862 947
863 949
864 951
865 953
866 955
867 957
868 959
869 961
870 963
871 964
872 965
873 967
874 969
875 971
876 973
877 975
878 977
879 979
880 981
881 983
882 985
883 987
884 989
885 991
886 993
887 995
888 997
889 999
890 1001
891 1003
892 1005
893 1007
894 1009
895 1011
896 1012
897 1013
898 1015
899 1017
900 1019
901 1021
902 1023
903 1025
904 1027
905 1029
906 1031
907 1033
908 1035
909 1037
910 1039
911 1041
912 1043
913 1045
914 1047
915 1049
916 1051
917 1053
918 1055
919 1057
920 1059
921 1060
922 1061
923 1063
924 1065
925 1067
926 1069
927 1071
928 1073
929 1075
930 1077
931 1079
932 1081
933 1083
934 1085
935 1087
936 1089
937 1091
938 1093
939 1095
940 1097
941 1099
942 1101
943 1103
944 1105
945 1107
946 1108
947 1109
948 1111
949 1113
950 1115
951 1117
952 1119
953 1121
954 1123
955 1125
956 1127
957 1129
958 1131
959 1133
960 1135
961 1137
962 1139
963 1141
964 1143
965 1145
966 1147
967 1149
968 1151
969 1153
970 1155
971 1156
972 1157
973 1159
974 1161
975 1163
976 1165
977 1167
978 1169
979 1171
980 1173
981 1175
982 1177
983 1179
984 1181
985 1183
986 1185
987 1187
988 1189
989 1191
990 1193
991 1195
992 1197
993 1199
994 1201
995 1203
996 1204
997 1205
998 1207
999 1209
1000 1211
1001 1213
1002 1215
1003 1217
1004 1219
1005 1221
1006 1223
1007 1225
1008 1227
1009 1229
1010 1231
1011 1233
1012 1235
1013 1237
1014 1239
1015 1241
1016 1243
1017 1245
1018 1247
1019 1249
1020 1251
1021 1252
1022 1253
1023 1255
1024 1257
1025 1259
1026 1261
1027 1263
1028 1265
1029 1267
1030 1269
1031 1271
1032 1273
1033 1275
1034 1277
1035 1279
1036 1281
1037 1283
1038 1285
1039 1287
1040 1289
1041 1291
1042 1293
1043 1295
1044 1297
1045 1299
1046 1300
1047 1301
1048 1303
1049 1305
1050 1307
1051 1309
1052 1311
1053 1313
1054 1315
1055 1317
1056 1319
1057 1321
1058 1323
1059 1325
1060 1327
1061 1329
1062 1331
1063 1333
1064 1335
1065 1337
1066 1339
1067 1341
1068 1343
1069 1345
1070 1347
1071 1348
1072 1349
1073 1351
1074 1353
1075 1355
1076 1357
1077 1359
1078 1361
1079 1363
1080 1365
1081 1367
1082 1369
1083 1371
1084 1373
1085 1375
1086 1377
1087 1379
1088 1381
1089 1383
1090 1385
1091 1387
1092 1389
1093 1391
1094 1393
1095 1395
1096 1396
1097 1397
1098 1399
1099 1401
1100 1403
1101 1405
1102 1407
1103 1409
1104 1411
1105 1413
1106 1415
1107 1417
1108 1419
1109 1421
1110 1423
1111 1425
1112 1427
1113 1429
1114 1431
1115 1433
1116 1435
1117 1437
1118 1439
1119 1441
1120 1443
1121 1444
1122 1445
1123 1447
1124 1449
1125 1451
1126 1453
1127 1455
1128 1457
1129 1459
1130 1461
1131 1463
1132 1465
1133 1467
1134 1469
1135 1471
1136 1473
1137 1475
1138 1477
1139 1479
1140 1481
1141 1483
1142 1485
1143 1487
1144 1489
1145 1491
1146 1492
1147 1493
1148 1495
1149 1497
1150 1499
1151 1501
1152 1503
1153 1505
1154 1507
1155 1509
1156 1511
1157 1513
1158 1515
1159 1517
1160 1519
1161 1521
1162 1523
1163 1525
1164 1527
1165 1529
1166 1531
1167 1533
1168 1535
1169 1537
1170 1539
1 46
2 47
3 48
4 49
5 50
6 51
7 52
8 53
9 54
10 55
11 56
12 57
13 58
14 59
15 60
16 61
17 62
18 63
19 64
20 65
21 66
22 67
23 68
24 69
25 70
26 71
27 72
28 73
29 74
30 75
31 76
32 77
33 78
34 79
35 80
36 81
37 82
38 83
39 84
40 85
41 86
42 87
43 88
44 89
45 90
46 91
47 92
48 93
49 94
50 95
51 96
52 97
53 98
54 99
55 100
56 101
57 102
58 103
59 104
60 105
61 106
62 107
63 108
64 109
65 110
66 111
67 112
68 113
69 114
70 115
71 116
72 117
73 118
74 119
75 120
76 121
77 122
78 123
79 124
80 125
81 126
82 127
83 128
84 129
85 130
86 131
87 132
88 133
89 134
90 135
91 136
92 137
93 138
94 139
95 140
96 141
97 142
98 143
99 144
100 145
101 146
102 147
103 148
104 149
105 150
106 151
107 152
108 153
109 154
110 155
111 156
112 157
113 158
114 159
115 160
116 161
117 162
118 163
119 164
120 165
121 166
122 167
123 168
124 169
125 170
126 171
127 172
128 173
129 174
130 175
131 176
132 177
133 178
134 179
135 180
136 181
137 182
138 183
139 184
140 185
141 186
142 187
143 188
144 189
145 190
146 191
147 192
148 193
149 194
150 195
151 196
152 197
153 198
154 199
155 200
156 201
157 202
158 203
159 204
160 205
161 206
162 207
163 208
164 209
165 210
166 211
167 212
168 213
169 214
170 215
171 216
172 217
173 218
174 219
175 220
176 221
177 222
178 223
179 224
180 225
181 226
182 227
183 228
184 229
185 230
186 231
187 232
188 233
189 234
190 235
191 236
192 237
193 238
194 239
195 240
196 241
197 242
198 243
199 244
200 245
201 246
202 247
203 248
204 249
205 250
206 251
207 252
208 253
209 254
210 255
211 256
212 257
213 258
214 259
215 260
216 261
217 262
218 263
219 264
220 265
221 266
222 267
223 268
224 269
225 270
226 271
227 272
228 273
229 274
230 275
231 276
232 277
233 278
234 279
235 280
236 281
237 282
238 283
239 284
240 285
241 286
242 287
243 288
244 289
245 290
246 291
247 292
248 293
249 294
250 295
251 296
252 297
253 298
254 299
255 300
256 301
257 302
258 303
259 304
260 305
261 306
262 307
263 308
264 309
265 310
266 311
267 312
268 313
269 314
270 315
271 316
272 317
273 318
274 319
275 320
276 321
277 322
278 323
279 324
280 325
281 326
282 327
283 328
284 329
285 330
286 331
287 332
288 333
289 334
290 335
291 336
292 337
293 338
294 339
295 340
296 341
297 342
298 343
299 344
300 345
301 346
302 347
303 348
304 349
305 350
306 351
307 352
308 353
309 354
310 355
311 356
312 357
313 358
314 359
315 360
316 361
317 362
318 363
319 364
320 365
321 366
322 367
323 368
324 369
325 370
326 371
327 372
328 373
329 374
330 375
331 376
332 377
333 378
334 379
335 380
336 381
337 382
338 383
339 384
340 385
341 386
342 387
343 388
344 389
345 390
346 391
347 392
348 393
349 394
350 395
351 396
352 397
353 398
354 399
355 400
356 401
357 402
358 403
359 404
360 405
361 406
362 407
363 408
364 409
365 410
366 411
367 412
368 413
369 414
370 415
371 416
372 417
373 418
374 419
375 420
376 421
377 422
378 423
379 424
380 425
381 426
382 427
383 428
384 429
385 430
386 431
387 432
388 433
389 434
390 435
391 436
392 437
393 438
394 439
395 440
396 441
397 442
398 443
399 444
400 445
401 446
402 447
403 448
404 449
405 450
406 451
407 452
408 453
409 454
410 455
411 456
412 457
413 458
414 459
415 460
416 461
417 462
418 463
419 464
420 465
421 466
422 467
423 468
424 469
425 470
426 471
427 472
428 473
429 474
430 475
431 476
432 477
433 478
434 479
435 480
436 481
437 482
438 483
439 484
440 485
441 486
442 487
443 488
444 489
445 490
446 491
447 492
448 493
449 494
450 495
451 496
452 497
453 498
454 499
455 500
456 501
457 502
458 503
459 504
460 505
461 506
462 507
463 508
464 509
465 510
466 511
467 512
468 513
469 514
470 515
471 516
472 517
473 518
474 519
475 520
476 521
477 522
478 523
479 524
480 525
481 526
482 527
483 528
484 529
485 530
486 531
487 532
488 533
489 534
490 535
491 536
492 537
493 538
494 539
495 540
496 541
497 542
498 543
499 544
500 545
501 546
502 547
503 548
504 549
505 550
506 551
507 552
508 553
509 554
510 555
511 556
512 557
513 558
514 559
515 560
516 561
517 562
518 563
519 564
520 565
521 566
522 567
523 568
524 569
525 570
526 571
527 572
528 573
529 574
530 575
531 576
532 577
533 578
534 579
535 580
536 581
537 582
538 583
539 584
540 585
541 586
542 587
543 588
544 589
545 590
546 591
547 592
548 593
549 594
550 595
551 596
552 597
553 598
554 599
555 600
556 601
557 602
558 603
559 604
560 605
561 606
562 607
563 608
564 609
565 610
566 611
567 612
568 613
569 614
570 615
571 616
572 617
573 618
574 619
575 620
576 621
577 622
578 623
579 624
580 625
581 626
582 627
583 628
584 629
585 630
586 631
587 632
588 633
589 634
590 635
591 636
592 637
593 638
594 639
595 640
596 641
597 642
598 643
599 644
600 645
601 646
602 647
603 648
604 649
605 650
606 651
607 652
608 653
609 654
610 655
611 656
612 657
613 658
614 659
615 660
616 661
617 662
618 663
619 664
620 665
621 666
622 667
623 668
624 669
625 670
626 671
627 672
628 673
629 674
630 675
631 676
632 677
633 678
634 679
635 680
636 681
637 682
638 683
639 684
640 685
641 686
642 687
643 688
644 689
645 690
646 691
647 692
648 693
649 694
650 695
651 696
652 697
653 698
654 699
655 700
656 701
657 702
658 703
659 704
660 705
661 706
662 707
663 708
664 709
665 710
666 711
667 712
668 713
669 714
670 715
671 716
672 717
673 718
674 719
675 720
676 721
677 722
679 723
681 724
683 725
685 726
687 727
689 728
691 729
693 730
695 731
697 732
699 733
701 734
703 735
705 736
707 737
709 738
711 739
713 740
715 741
717 742
719 743
721 744
723 745
724 746
725 747
727 748
729 749
731 750
733 751
735 752
737 753
739 754
741 755
743 756
745 757
747 758
749 759
751 760
753 761
755 762
757 763
759 764
761 765
763 766
765 767
767 768
769 769
771 770
772 771
773 772
775 773
777 774
779 775
781 776
783 777
785 778
787 779
789 780
791 781
793 782
795 783
797 784
799 785
801 786
803 787
805 788
807 789
809 790
811 791
813 792
815 793
817 794
819 795
820 796
821 797
823 798
825 799
827 800
829 801
831 802
833 803
835 804
837 805
839 806
841 807
843 808
845 809
847 810
849 811
851 812
853 813
855 814
857 815
859 816
861 817
863 818
865 819
867 820
868 821
869 822
871 823
873 824
875 825
877 826
879 827
881 828
883 829
885 830
887 831
889 832
891 833
893 834
895 835
897 836
899 837
901 838
903 839
905 840
907 841
909 842
911 843
913 844
915 845
916 846
917 847
919 848
921 849
923 850
925 851
927 852
929 853
931 854
933 855
935 856
937 857
939 858
941 859
943 860
945 861
947 862
949 863
951 864
953 865
955 866
957 867
959 868
961 869
963 870
964 871
965 872
967 873
969 874
971 875
973 876
975 877
977 878
979 879
981 880
983 881
985 882
987 883
989 884
991 885
993 886
995 887
997 888
999 889
1001 890
1003 891
1005 892
1007 893
1009 894
1011 895
1012 896
1013 897
1015 898
1017 899
1019 900
1021 901
1023 902
1025 903
1027 904
1029 905
1031 906
1033 907
1035 908
1037 909
1039 910
1041 911
1043 912
1045 913
1047 914
1049 915
1051 916
1053 917
1055 918
1057 919
1059 920
1060 921
1061 922
1063 923
1065 924
1067 925
1069 926
1071 927
1073 928
1075 929
1077 930
1079 931
1081 932
1083 933
1085 934
1087 935
1089 936
1091 937
1093 938
1095 939
1097 940
1099 941
1101 942
1103 943
1105 944
1107 945
1108 946
1109 947
1111 948
1113 949
1115 950
1117 951
1119 952
1121 953
1123 954
1125 955
1127 956
1129 957
1131 958
1133 959
1135 960
1137 961
1139 962
1141 963
1143 964
1145 965
1147 966
1149 967
1151 968
1153 969
1155 970
1156 971
1157 972
1159 973
1161 974
1163 975
1165 976
1167 977
1169 978
1171 979
1173 980
1175 981
1177 982
1179 983
1181 984
1183 985
1185 986
1187 987
1189 988
1191 989
1193 990
1195 991
1197 992
1199 993
1201 994
1203 995
1204 996
1205 997
1207 998
1209 999
1211 1000
1213 1001
1215 1002
1217 1003
1219 1004
1221 1005
1223 1006
1225 1007
1227 1008
1229 1009
1231 1010
1233 1011
1235 1012
1237 1013
1239 1014
1241 1015
1243 1016
1245 1017
1247 1018
1249 1019
1251 1020
1252 1021
1253 1022
1255 1023
1257 1024
1259 1025
1261 1026
1263 1027
1265 1028
1267 1029
1269 1030
1271 1031
1273 1032
1275 1033
1277 1034
1279 1035
1281 1036
1283 1037
1285 1038
1287 1039
1289 1040
1291 1041
1293 1042
1295 1043
1297 1044
1299 1045
1300 1046
1301 1047
1303 1048
1305 1049
1307 1050
1309 1051
1311 1052
1313 1053
1315 1054
1317 1055
1319 1056
1321 1057
1323 1058
1325 1059
1327 1060
1329 1061
1331 1062
1333 1063
1335 1064
1337 1065
1339 1066
1341 1067
1343 1068
1345 1069
1347 1070
1348 1071
1349 1072
1351 1073
1353 1074
1355 1075
1357 1076
1359 1077
1361 1078
1363 1079
1365 1080
1367 1081
1369 1082
1371 1083
1373 1084
1375 1085
1377 1086
1379 1087
1381 1088
1383 1089
1385 1090
1387 1091
1389 1092
1391 1093
1393 1094
1395 1095
1396 1096
1397 1097
1399 1098
1401 1099
1403 1100
1405 1101
1407 1102
1409 1103
1411 1104
1413 1105
1415 1106
1417 1107
1419 1108
1421 1109
1423 1110
1425 1111
1427 1112
1429 1113
1431 1114
1433 1115
1435 1116
1437 1117
1439 1118
1441 1119
1443 1120
1444 1121
1445 1122
1447 1123
1449 1124
1451 1125
1453 1126
1455 1127
1457 1128
1459 1129
1461 1130
1463 1131
1465 1132
1467 1133
1469 1134
1471 1135
1473 1136
1475 1137
1477 1138
1479 1139
1481 1140
1483 1141
1485 1142
1487 1143
1489 1144
1491 1145
1492 1146
1493 1147
1495 1148
1497 1149
1499 1150
1501 1151
1503 1152
1505 1153
1507 1154
1509 1155
1511 1156
1513 1157
1515 1158
1517 1159
1519 1160
1521 1161
1523 1162
1525 1163
1527 1164
1529 1165
1531 1166
1533 1167
1535 1168
1537 1169
1539 1170
1
1 1
1 1
4
FND-1
24
1 1
2 2
3 3
4 4
5 5
6 6
7 7
8 8
9 9
10 10
11 11
12 12
13 13
14 14
15 15
16 16
17 17
18 18
19 19
20 20
21 21
22 22
23 23
24 24
1 1
2 2
3 3
4 4
5 5
6 6
7 7
8 8
9 9
10 10
11 11
12 12
13 13
14 14
15 15
16 16
17 17
18 18
19 19
20 20
21 21
22 22
23 23
24 24
MASS-1
2
25 1
19947 2
1 25
2 19947
PIER-1
1
26 1
1 26
SOIL-1
1056
27 1
28 2
29 3
30 4
31 5
32 6
33 7
34 8
35 9
36 10
37 11
38 12
39 13
40 14
41 15
42 16
43 17
44 18
45 19
46 20
47 21
48 22
49 23
50 24
51 25
52 26
53 27
54 28
55 29
56 30
57 31
58 32
59 33
60 34
61 35
62 36
63 37
64 38
65 39
66 40
67 41
68 42
69 43
70 44
71 45
72 46
73 47
74 48
75 49
76 50
77 51
78 52
79 53
80 54
81 55
82 56
83 57
84 58
85 59
86 60
87 61
88 62
89 63
90 64
91 65
92 66
93 67
94 68
95 69
96 70
97 71
98 72
99 73
100 74
101 75
102 76
103 77
104 78
105 79
106 80
107 81
108 82
109 83
110 84
111 85
112 86
113 87
114 88
115 89
116 90
117 91
118 92
119 93
120 94
121 95
122 96
123 97
124 98
125 99
126 100
127 101
128 102
129 103
130 104
131 105
132 106
133 107
134 108
135 109
136 110
137 111
138 112
139 113
140 114
141 115
142 116
143 117
144 118
145 119
146 120
147 121
148 122
149 123
150 124
151 125
152 126
153 127
154 128
155 129
156 130
157 131
158 132
159 133
160 134
161 135
162 136
163 137
164 138
165 139
166 140
167 141
168 142
169 143
170 144
171 145
172 146
173 147
174 148
175 149
176 150
177 151
178 152
179 153
180 154
181 155
182 156
183 157
184 158
185 159
186 160
187 161
188 162
189 163
190 164
191 165
192 166
193 167
194 168
195 169
196 170
197 171
198 172
199 173
200 174
201 175
202 176
203 177
204 178
205 179
206 180
207 181
208 182
209 183
210 184
211 185
212 186
213 187
214 188
215 189
216 190
217 191
218 192
219 193
220 194
221 195
222 196
223 197
224 198
225 199
226 200
227 201
228 202
229 203
230 204
231 205
232 206
233 207
234 208
235 209
236 210
237 211
238 212
239 213
240 214
241 215
242 216
243 217
244 218
245 219
246 220
247 221
248 222
249 223
250 224
251 225
252 226
253 227
254 228
255 229
256 230
257 231
258 232
259 233
260 234
261 235
262 236
263 237
264 238
265 239
266 240
267 241
268 242
269 243
270 244
271 245
272 246
273 247
274 248
275 249
276 250
277 251
278 252
279 253
280 254
281 255
282 256
283 257
284 258
285 259
286 260
287 261
288 262
289 263
290 264
291 265
292 266
293 267
294 268
295 269
296 270
297 271
298 272
299 273
300 274
301 275
302 276
303 277
304 278
305 279
306 280
307 281
308 282
309 283
310 284
311 285
312 286
313 287
314 288
315 289
316 290
317 291
318 292
319 293
320 294
321 295
322 296
323 297
324 298
325 299
326 300
327 301
328 302
329 303
330 304
331 305
332 306
333 307
334 308
335 309
336 310
337 311
338 312
339 313
340 314
341 315
342 316
343 317
344 318
345 319
346 320
347 321
348 322
349 323
350 324
351 325
352 326
353 327
354 328
355 329
356 330
357 331
358 332
359 333
360 334
361 335
362 336
363 337
364 338
365 339
366 340
367 341
368 342
369 343
370 344
371 345
372 346
373 347
374 348
375 349
376 350
377 351
378 352
379 353
380 354
381 355
382 356
383 357
384 358
385 359
386 360
387 361
388 362
389 363
390 364
391 365
392 366
393 367
394 368
395 369
396 370
397 371
398 372
399 373
400 374
401 375
402 376
403 377
404 378
405 379
406 380
407 381
408 382
409 383
410 384
411 385
412 386
413 387
414 388
415 389
416 390
417 391
418 392
419 393
420 394
421 395
422 396
423 397
424 398
425 399
426 400
427 401
428 402
429 403
430 404
431 405
432 406
433 407
434 408
435 409
436 410
437 411
438 412
439 413
440 414
441 415
442 416
443 417
444 418
445 419
446 420
447 421
448 422
449 423
450 424
451 425
452 426
453 427
454 428
455 429
456 430
457 431
458 432
459 433
460 434
461 435
462 436
463 437
464 438
465 439
466 440
467 441
468 442
469 443
470 444
471 445
472 446
473 447
474 448
475 449
476 450
477 451
478 452
479 453
480 454
481 455
482 456
483 457
484 458
485 459
486 460
487 461
488 462
489 463
490 464
491 465
492 466
493 467
494 468
495 469
496 470
497 471
498 472
499 473
500 474
501 475
502 476
503 477
504 478
505 479
506 480
507 481
508 482
509 483
510 484
511 485
512 486
513 487
514 488
515 489
516 490
517 491
518 492
519 493
520 494
521 495
522 496
523 497
524 498
525 499
526 500
527 501
528 502
529 503
530 504
531 505
532 506
533 507
534 508
535 509
536 510
537 511
538 512
539 513
540 514
541 515
542 516
543 517
544 518
545 519
546 520
547 521
548 522
549 523
550 524
551 525
552 526
553 527
554 528
555 529
556 530
557 531
558 532
559 533
560 534
561 535
562 536
563 537
564 538
565 539
566 540
567 541
568 542
569 543
570 544
571 545
572 546
573 547
574 548
575 549
576 550
577 551
578 552
579 553
580 554
581 555
582 556
583 557
584 558
585 559
586 560
587 561
588 562
589 563
590 564
591 565
592 566
593 567
594 568
595 569
596 570
597 571
598 572
599 573
600 574
601 575
602 576
603 577
604 578
605 579
606 580
607 581
608 582
609 583
610 584
611 585
612 586
613 587
614 588
615 589
616 590
617 591
618 592
619 593
620 594
621 595
622 596
623 597
624 598
625 599
626 600
627 601
628 602
629 603
630 604
631 605
632 606
633 607
634 608
635 609
636 610
637 611
638 612
639 613
640 614
641 615
642 616
643 617
644 618
645 619
646 620
647 621
648 622
649 623
650 624
651 625
652 626
653 627
654 628
655 629
656 630
657 631
658 632
659 633
660 634
661 635
662 636
663 637
664 638
665 639
666 640
667 641
668 642
669 643
670 644
671 645
672 646
673 647
674 648
675 649
676 650
677 651
678 652
679 653
680 654
681 655
682 656
683 657
684 658
685 659
686 660
687 661
688 662
689 663
690 664
691 665
692 666
693 667
694 668
695 669
696 670
697 671
698 672
699 673
700 674
701 675
702 676
703 677
704 678
705 679
706 680
707 681
708 682
709 683
710 684
711 685
712 686
713 687
714 688
715 689
716 690
717 691
718 692
719 693
720 694
721 695
722 696
723 697
724 698
725 699
726 700
727 701
728 702
729 703
730 704
731 705
732 706
733 707
734 708
735 709
736 710
737 711
738 712
739 713
740 714
741 715
742 716
743 717
744 718
745 719
746 720
747 721
748 722
749 723
750 724
751 725
752 726
753 727
754 728
755 729
756 730
757 731
758 732
759 733
760 734
761 735
762 736
763 737
764 738
765 739
766 740
767 741
768 742
769 743
770 744
771 745
772 746
773 747
774 748
775 749
776 750
777 751
778 752
779 753
780 754
781 755
782 756
783 757
784 758
785 759
786 760
787 761
788 762
789 763
790 764
791 765
792 766
793 767
794 768
795 769
796 770
797 771
798 772
799 773
800 774
801 775
802 776
803 777
804 778
805 779
806 780
807 781
808 782
809 783
810 784
811 785
812 786
813 787
814 788
815 789
816 790
817 791
818 792
819 793
820 794
821 795
822 796
823 797
824 798
825 799
826 800
827 801
828 802
829 803
830 804
831 805
832 806
833 807
834 808
835 809
836 810
837 811
838 812
839 813
840 814
841 815
842 816
843 817
844 818
845 819
846 820
847 821
848 822
849 823
850 824
851 825
852 826
853 827
854 828
855 829
856 830
857 831
858 832
859 833
860 834
861 835
862 836
863 837
864 838
865 839
866 840
867 841
868 842
869 843
870 844
871 845
872 846
873 847
874 848
875 849
876 850
877 851
878 852
879 853
880 854
881 855
882 856
883 857
884 858
885 859
886 860
887 861
888 862
889 863
890 864
891 865
892 866
893 867
894 868
895 869
896 870
897 871
898 872
899 873
900 874
901 875
902 876
903 877
904 878
905 879
906 880
907 881
908 882
909 883
910 884
911 885
912 886
913 887
914 888
915 889
916 890
917 891
918 892
919 893
920 894
921 895
922 896
923 897
924 898
925 899
926 900
927 901
928 902
929 903
930 904
931 905
932 906
933 907
934 908
935 909
936 910
937 911
938 912
939 913
940 914
941 915
942 916
943 917
944 918
945 919
946 920
947 921
948 922
949 923
950 924
951 925
952 926
953 927
954 928
955 929
956 930
957 931
958 932
959 933
960 934
961 935
962 936
963 937
964 938
965 939
966 940
967 941
968 942
969 943
970 944
971 945
972 946
973 947
974 948
975 949
976 950
977 951
978 952
979 953
980 954
981 955
982 956
983 957
984 958
985 959
986 960
987 961
988 962
989 963
990 964
991 965
992 966
993 967
994 968
995 969
996 970
997 971
998 972
999 973
1000 974
1001 975
1002 976
1003 977
1004 978
1005 979
1006 980
1007 981
1008 982
1009 983
1010 984
1011 985
1012 986
1013 987
1014 988
1015 989
1016 990
1017 991
1018 992
1019 993
1020 994
1021 995
1022 996
1023 997
1024 998
1025 999
1026 1000
1027 1001
1028 1002
1029 1003
1030 1004
1031 1005
1032 1006
1033 1007
1034 1008
1035 1009
1036 1010
1037 1011
1038 1012
1039 1013
1040 1014
1041 1015
1042 1016
1043 1017
1044 1018
1045 1019
1046 1020
1047 1021
1048 1022
1049 1023
1050 1024
1051 1025
1052 1026
1053 1027
1054 1028
1055 1029
1056 1030
1057 1031
1058 1032
1059 1033
1060 1034
1061 1035
1062 1036
1063 1037
1064 1038
1065 1039
1066 1040
1067 1041
1068 1042
1069 1043
1070 1044
1071 1045
1072 1046
1073 1047
1074 1048
1075 1049
1076 1050
1077 1051
1078 1052
1079 1053
1080 1054
1081 1055
1082 1056
1 27
2 28
3 29
4 30
5 31
6 32
7 33
8 34
9 35
10 36
11 37
12 38
13 39
14 40
15 41
16 42
17 43
18 44
19 45
20 46
21 47
22 48
23 49
24 50
25 51
26 52
27 53
28 54
29 55
30 56
31 57
32 58
33 59
34 60
35 61
36 62
37 63
38 64
39 65
40 66
41 67
42 68
43 69
44 70
45 71
46 72
47 73
48 74
49 75
50 76
51 77
52 78
53 79
54 80
55 81
56 82
57 83
58 84
59 85
60 86
61 87
62 88
63 89
64 90
65 91
66 92
67 93
68 94
69 95
70 96
71 97
72 98
73 99
74 100
75 101
76 102
77 103
78 104
79 105
80 106
81 107
82 108
83 109
84 110
85 111
86 112
87 113
88 114
89 115
90 116
91 117
92 118
93 119
94 120
95 121
96 122
97 123
98 124
99 125
100 126
101 127
102 128
103 129
104 130
105 131
106 132
107 133
108 134
109 135
110 136
111 137
112 138
113 139
114 140
115 141
116 142
117 143
118 144
119 145
120 146
121 147
122 148
123 149
124 150
125 151
126 152
127 153
128 154
129 155
130 156
131 157
132 158
133 159
134 160
135 161
136 162
137 163
138 164
139 165
140 166
141 167
142 168
143 169
144 170
145 171
146 172
147 173
148 174
149 175
150 176
151 177
152 178
153 179
154 180
155 181
156 182
157 183
158 184
159 185
160 186
161 187
162 188
163 189
164 190
165 191
166 192
167 193
168 194
169 195
170 196
171 197
172 198
173 199
174 200
175 201
176 202
177 203
178 204
179 205
180 206
181 207
182 208
183 209
184 210
185 211
186 212
187 213
188 214
189 215
190 216
191 217
192 218
193 219
194 220
195 221
196 222
197 223
198 224
199 225
200 226
201 227
202 228
203 229
204 230
205 231
206 232
207 233
208 234
209 235
210 236
211 237
212 238
213 239
214 240
215 241
216 242
217 243
218 244
219 245
220 246
221 247
222 248
223 249
224 250
225 251
226 252
227 253
228 254
229 255
230 256
231 257
232 258
233 259
234 260
235 261
236 262
237 263
238 264
239 265
240 266
241 267
242 268
243 269
244 270
245 271
246 272
247 273
248 274
249 275
250 276
251 277
252 278
253 279
254 280
255 281
256 282
257 283
258 284
259 285
260 286
261 287
262 288
263 289
264 290
265 291
266 292
267 293
268 294
269 295
270 296
271 297
272 298
273 299
274 300
275 301
276 302
277 303
278 304
279 305
280 306
281 307
282 308
283 309
284 310
285 311
286 312
287 313
288 314
289 315
290 316
291 317
292 318
293 319
294 320
295 321
296 322
297 323
298 324
299 325
300 326
301 327
302 328
303 329
304 330
305 331
306 332
307 333
308 334
309 335
310 336
311 337
312 338
313 339
314 340
315 341
316 342
317 343
318 344
319 345
320 346
321 347
322 348
323 349
324 350
325 351
326 352
327 353
328 354
329 355
330 356
331 357
332 358
333 359
334 360
335 361
336 362
337 363
338 364
339 365
340 366
341 367
342 368
343 369
344 370
345 371
346 372
347 373
348 374
349 375
350 376
351 377
352 378
353 379
354 380
355 381
356 382
357 383
358 384
359 385
360 386
361 387
362 388
363 389
364 390
365 391
366 392
367 393
368 394
369 395
370 396
371 397
372 398
373 399
374 400
375 401
376 402
377 403
378 404
379 405
380 406
381 407
382 408
383 409
384 410
385 411
386 412
387 413
388 414
389 415
390 416
391 417
392 418
393 419
394 420
395 421
396 422
397 423
398 424
399 425
400 426
401 427
402 428
403 429
404 430
405 431
406 432
407 433
408 434
409 435
410 436
411 437
412 438
413 439
414 440
415 441
416 442
417 443
418 444
419 445
420 446
421 447
422 448
423 449
424 450
425 451
426 452
427 453
428 454
429 455
430 456
431 457
432 458
433 459
434 460
435 461
436 462
437 463
438 464
439 465
440 466
441 467
442 468
443 469
444 470
445 471
446 472
447 473
448 474
449 475
450 476
451 477
452 478
453 479
454 480
455 481
456 482
457 483
458 484
459 485
460 486
461 487
462 488
463 489
464 490
465 491
466 492
467 493
468 494
469 495
470 496
471 497
472 498
473 499
474 500
475 501
476 502
477 503
478 504
479 505
480 506
481 507
482 508
483 509
484 510
485 511
486 512
487 513
488 514
489 515
490 516
491 517
492 518
493 519
494 520
495 521
496 522
497 523
498 524
499 525
500 526
501 527
502 528
503 529
504 530
505 531
506 532
507 533
508 534
509 535
510 536
511 537
512 538
513 539
514 540
515 541
516 542
517 543
518 544
519 545
520 546
521 547
522 548
523 549
524 550
525 551
526 552
527 553
528 554
529 555
530 556
531 557
532 558
533 559
534 560
535 561
536 562
537 563
538 564
539 565
540 566
541 567
542 568
543 569
544 570
545 571
546 572
547 573
548 574
549 575
550 576
551 577
552 578
553 579
554 580
555 581
556 582
557 583
558 584
559 585
560 586
561 587
562 588
563 589
564 590
565 591
566 592
567 593
568 594
569 595
570 596
571 597
572 598
573 599
574 600
575 601
576 602
577 603
578 604
579 605
580 606
581 607
582 608
583 609
584 610
585 611
586 612
587 613
588 614
589 615
590 616
591 617
592 618
593 619
594 620
595 621
596 622
597 623
598 624
599 625
600 626
601 627
602 628
603 629
604 630
605 631
606 632
607 633
608 634
609 635
610 636
611 637
612 638
613 639
614 640
615 641
616 642
617 643
618 644
619 645
620 646
621 647
622 648
623 649
624 650
625 651
626 652
627 653
628 654
629 655
630 656
631 657
632 658
633 659
634 660
635 661
636 662
637 663
638 664
639 665
640 666
641 667
642 668
643 669
644 670
645 671
646 672
647 673
648 674
649 675
650 676
651 677
652 678
653 679
654 680
655 681
656 682
657 683
658 684
659 685
660 686
661 687
662 688
663 689
664 690
665 691
666 692
667 693
668 694
669 695
670 696
671 697
672 698
673 699
674 700
675 701
676 702
677 703
678 704
679 705
680 706
681 707
682 708
683 709
684 710
685 711
686 712
687 713
688 714
689 715
690 716
691 717
692 718
693 719
694 720
695 721
696 722
697 723
698 724
699 725
700 726
701 727
702 728
703 729
704 730
705 731
706 732
707 733
708 734
709 735
710 736
711 737
712 738
713 739
714 740
715 741
716 742
717 743
718 744
719 745
720 746
721 747
722 748
723 749
724 750
725 751
726 752
727 753
728 754
729 755
730 756
731 757
732 758
733 759
734 760
735 761
736 762
737 763
738 764
739 765
740 766
741 767
742 768
743 769
744 770
745 771
746 772
747 773
748 774
749 775
750 776
751 777
752 778
753 779
754 780
755 781
756 782
757 783
758 784
759 785
760 786
761 787
762 788
763 789
764 790
765 791
766 792
767 793
768 794
769 795
770 796
771 797
772 798
773 799
774 800
775 801
776 802
777 803
778 804
779 805
780 806
781 807
782 808
783 809
784 810
785 811
786 812
787 813
788 814
789 815
790 816
791 817
792 818
793 819
794 820
795 821
796 822
797 823
798 824
799 825
800 826
801 827
802 828
803 829
804 830
805 831
806 832
807 833
808 834
809 835
810 836
811 837
812 838
813 839
814 840
815 841
816 842
817 843
818 844
819 845
820 846
821 847
822 848
823 849
824 850
825 851
826 852
827 853
828 854
829 855
830 856
831 857
832 858
833 859
834 860
835 861
836 862
837 863
838 864
839 865
840 866
841 867
842 868
843 869
844 870
845 871
846 872
847 873
848 874
849 875
850 876
851 877
852 878
853 879
854 880
855 881
856 882
857 883
858 884
859 885
860 886
861 887
862 888
863 889
864 890
865 891
866 892
867 893
868 894
869 895
870 896
871 897
872 898
873 899
874 900
875 901
876 902
877 903
878 904
879 905
880 906
881 907
882 908
883 909
884 910
885 911
886 912
887 913
888 914
889 915
890 916
891 917
892 918
893 919
894 920
895 921
896 922
897 923
898 924
899 925
900 926
901 927
902 928
903 929
904 930
905 931
906 932
907 933
908 934
909 935
910 936
911 937
912 938
913 939
914 940
915 941
916 942
917 943
918 944
919 945
920 946
921 947
922 948
923 949
924 950
925 951
926 952
927 953
928 954
929 955
930 956
931 957
932 958
933 959
934 960
935 961
936 962
937 963
938 964
939 965
940 966
941 967
942 968
943 969
944 970
945 971
946 972
947 973
948 974
949 975
950 976
951 977
952 978
953 979
954 980
955 981
956 982
957 983
958 984
959 985
960 986
961 987
962 988
963 989
964 990
965 991
966 992
967 993
968 994
969 995
970 996
971 997
972 998
973 999
974 1000
975 1001
976 1002
977 1003
978 1004
979 1005
980 1006
981 1007
982 1008
983 1009
984 1010
985 1011
986 1012
987 1013
988 1014
989 1015
990 1016
991 1017
992 1018
993 1019
994 1020
995 1021
996 1022
997 1023
998 1024
999 1025
1000 1026
1001 1027
1002 1028
1003 1029
1004 1030
1005 1031
1006 1032
1007 1033
1008 1034
1009 1035
1010 1036
1011 1037
1012 1038
1013 1039
1014 1040
1015 1041
1016 1042
1017 1043
1018 1044
1019 1045
1020 1046
1021 1047
1022 1048
1023 1049
1024 1050
1025 1051
1026 1052
1027 1053
1028 1054
1029 1055
1030 1056
1031 1057
1032 1058
1033 1059
1034 1060
1035 1061
1036 1062
1037 1063
1038 1064
1039 1065
1040 1066
1041 1067
1042 1068
1043 1069
1044 1070
1045 1071
1046 1072
1047 1073
1048 1074
1049 1075
1050 1076
1051 1077
1052 1078
1053 1079
1054 1080
1055 1081
1056 1082
1
9998 1
1 9998
13

0
2
0
4
FND-1
24
1 2 3 4 5 6 7 8 9 10 11 12 13 14 15 16 17 18 19 20 21 22 23 24 
PIER-1
1
26 
MASS-1
2
25 19947 
SOIL-1
1056
27 28 29 30 31 32 33 34 35 36 37 38 39 40 41 42 43 44 45 46 47 48 49 50 51 52 53 54 55 56 57 58 59 60 61 62 63 64 65 66 67 68 69 70 71 72 73 74 75 76 77 78 79 80 81 82 83 84 85 86 87 88 89 90 91 92 93 94 95 96 97 98 99 100 101 102 103 104 105 106 107 108 109 110 111 112 113 114 115 116 117 118 119 120 121 122 123 124 125 126 127 128 129 130 131 132 133 134 135 136 137 138 139 140 141 142 143 144 145 146 147 148 149 150 151 152 153 154 155 156 157 158 159 160 161 162 163 164 165 166 167 168 169 170 171 172 173 174 175 176 177 178 179 180 181 182 183 184 185 186 187 188 189 190 191 192 193 194 195 196 197 198 199 200 201 202 203 204 205 206 207 208 209 210 211 212 213 214 215 216 217 218 219 220 221 222 223 224 225 226 227 228 229 230 231 232 233 234 235 236 237 238 239 240 241 242 243 244 245 246 247 248 249 250 251 252 253 254 255 256 257 258 259 260 261 262 263 264 265 266 267 268 269 270 271 272 273 274 275 276 277 278 279 280 281 282 283 284 285 286 287 288 289 290 291 292 293 294 295 296 297 298 299 300 301 302 303 304 305 306 307 308 309 310 311 312 313 314 315 316 317 318 319 320 321 322 323 324 325 326 327 328 329 330 331 332 333 334 335 336 337 338 339 340 341 342 343 344 345 346 347 348 349 350 351 352 353 354 355 356 357 358 359 360 361 362 363 364 365 366 367 368 369 370 371 372 373 374 375 376 377 378 379 380 381 382 383 384 385 386 387 388 389 390 391 392 393 394 395 396 397 398 399 400 401 402 403 404 405 406 407 408 409 410 411 412 413 414 415 416 417 418 419 420 421 422 423 424 425 426 427 428 429 430 431 432 433 434 435 436 437 438 439 440 441 442 443 444 445 446 447 448 449 450 451 452 453 454 455 456 457 458 459 460 461 462 463 464 465 466 467 468 469 470 471 472 473 474 475 476 477 478 479 480 481 482 483 484 485 486 487 488 489 490 491 492 493 494 495 496 497 498 499 500 501 502 503 504 505 506 507 508 509 510 511 512 513 514 515 516 517 518 519 520 521 522 523 524 525 526 527 528 529 530 531 532 533 534 535 536 537 538 539 540 541 542 543 544 545 546 547 548 549 550 551 552 553 554 555 556 557 558 559 560 561 562 563 564 565 566 567 568 569 570 571 572 573 574 575 576 577 578 579 580 581 582 583 584 585 586 587 588 589 590 591 592 593 594 595 596 597 598 599 600 601 602 603 604 605 606 607 608 609 610 611 612 613 614 615 616 617 618 619 620 621 622 623 624 625 626 627 628 629 630 631 632 633 634 635 636 637 638 639 640 641 642 643 644 645 646 647 648 649 650 651 652 653 654 655 656 657 658 659 660 661 662 663 664 665 666 667 668 669 670 671 672 673 674 675 676 677 678 679 680 681 682 683 684 685 686 687 688 689 690 691 692 693 694 695 696 697 698 699 700 701 702 703 704 705 706 707 708 709 710 711 712 713 714 715 716 717 718 719 720 721 722 723 724 725 726 727 728 729 730 731 732 733 734 735 736 737 738 739 740 741 742 743 744 745 746 747 748 749 750 751 752 753 754 755 756 757 758 759 760 761 762 763 764 765 766 767 768 769 770 771 772 773 774 775 776 777 778 779 780 781 782 783 784 785 786 787 788 789 790 791 792 793 794 795 796 797 798 799 800 801 802 803 804 805 806 807 808 809 810 811 812 813 814 815 816 817 818 819 820 821 822 823 824 825 826 827 828 829 830 831 832 833 834 835 836 837 838 839 840 841 842 843 844 845 846 847 848 849 850 851 852 853 854 855 856 857 858 859 860 861 862 863 864 865 866 867 868 869 870 871 872 873 874 875 876 877 878 879 880 881 882 883 884 885 886 887 888 889 890 891 892 893 894 895 896 897 898 899 900 901 902 903 904 905 906 907 908 909 910 911 912 913 914 915 916 917 918 919 920 921 922 923 924 925 926 927 928 929 930 931 932 933 934 935 936 937 938 939 940 941 942 943 944 945 946 947 948 949 950 951 952 953 954 955 956 957 958 959 960 961 962 963 964 965 966 967 968 969 970 971 972 973 974 975 976 977 978 979 980 981 982 983 984 985 986 987 988 989 990 991 992 993 994 995 996 997 998 999 1000 1001 1002 1003 1004 1005 1006 1007 1008 1009 1010 1011 1012 1013 1014 1015 1016 1017 1018 1019 1020 1021 1022 1023 1024 1025 1026 1027 1028 1029 1030 1031 1032 1033 1034 1035 1036 1037 1038 1039 1040 1041 1042 1043 1044 1045 1046 1047 1048 1049 1050 1051 1052 1053 1054 1055 1056 1057 1058 1059 1060 1061 1062 1063 1064 1065 1066 1067 1068 1069 1070 1071 1072 1073 1074 1075 1076 1077 1078 1079 1080 1081 1082 
0
 L    AY
0
4
0
1
MASS-1
1
19947 
0
 SHADOW
0
4
1
9998 
0
0
_M_FND_PERIM_S2
0
2
0
1
FND-1
2
18 24 
0
_M_FND_PERIM_S3
0
2
0
1
FND-1
12
7 8 9 10 11 12 19 20 21 22 23 24 
0
_M_FND_PERIM_S4
0
2
0
2
FND-1
2
1 7 
SOIL-1
12
435 459 483 507 531 555 723 747 771 795 819 843 
0
_M_SURF-1_S1
0
2
0
1
FND-1
6
1 2 3 4 5 6 
0
_M_SURF-1_S1_1
0
2
0
1
FND-1
12
1 2 3 4 5 6 13 14 15 16 17 18 
0
_M_SURF-1_S1_2
0
2
0
1
FND-1
12
1 2 3 4 5 6 13 14 15 16 17 18 
0
_M_SURF-FNDTOP_S1
0
2
0
1
FND-1
12
1 2 3 4 5 6 13 14 15 16 17 18 
0
_SURF_SOIL_BOT_S4
0
2
0
1
SOIL-1
12
435 459 483 507 531 555 723 747 771 795 819 843 
0
_S_PIER_SNEG
0
2
0
1
PIER-1
1
26 
0
_S_SURF-3_SNEG
0
2
0
1
PIER-1
1
26 
0
4
FND-1
4
 P       1
0
2
24
1 2 3 4 5 6 7 8 9 10 11 12 13 14 15 16 17 18 19 20 21 22 23 24 
0
0
 P       1_M_FND_PERIM_S4
0
2
2
1 7 
0
0
WHOLE_FND
0
1
24
1 2 3 4 5 6 7 8 9 10 11 12 13 14 15 16 17 18 19 20 21 22 23 24 
0
0
_BOT_F_S3
0
2
12
7 8 9 10 11 12 19 20 21 22 23 24 
0
0
0
PIER-1
2
 P       3
0
2
1
26 
0
0
PIER
0
1
1
26 
0
0
0
SOIL-1
4
 P       4
0
2
1056
27 28 29 30 31 32 33 34 35 36 37 38 39 40 41 42 43 44 45 46 47 48 49 50 51 52 53 54 55 56 57 58 59 60 61 62 63 64 65 66 67 68 69 70 71 72 73 74 75 76 77 78 79 80 81 82 83 84 85 86 87 88 89 90 91 92 93 94 95 96 97 98 99 100 101 102 103 104 105 106 107 108 109 110 111 112 113 114 115 116 117 118 119 120 121 122 123 124 125 126 127 128 129 130 131 132 133 134 135 136 137 138 139 140 141 142 143 144 145 146 147 148 149 150 151 152 153 154 155 156 157 158 159 160 161 162 163 164 165 166 167 168 169 170 171 172 173 174 175 176 177 178 179 180 181 182 183 184 185 186 187 188 189 190 191 192 193 194 195 196 197 198 199 200 201 202 203 204 205 206 207 208 209 210 211 212 213 214 215 216 217 218 219 220 221 222 223 224 225 226 227 228 229 230 231 232 233 234 235 236 237 238 239 240 241 242 243 244 245 246 247 248 249 250 251 252 253 254 255 256 257 258 259 260 261 262 263 264 265 266 267 268 269 270 271 272 273 274 275 276 277 278 279 280 281 282 283 284 285 286 287 288 289 290 291 292 293 294 295 296 297 298 299 300 301 302 303 304 305 306 307 308 309 310 311 312 313 314 315 316 317 318 319 320 321 322 323 324 325 326 327 328 329 330 331 332 333 334 335 336 337 338 339 340 341 342 343 344 345 346 347 348 349 350 351 352 353 354 355 356 357 358 359 360 361 362 363 364 365 366 367 368 369 370 371 372 373 374 375 376 377 378 379 380 381 382 383 384 385 386 387 388 389 390 391 392 393 394 395 396 397 398 399 400 401 402 403 404 405 406 407 408 409 410 411 412 413 414 415 416 417 418 419 420 421 422 423 424 425 426 427 428 429 430 431 432 433 434 435 436 437 438 439 440 441 442 443 444 445 446 447 448 449 450 451 452 453 454 455 456 457 458 459 460 461 462 463 464 465 466 467 468 469 470 471 472 473 474 475 476 477 478 479 480 481 482 483 484 485 486 487 488 489 490 491 492 493 494 495 496 497 498 499 500 501 502 503 504 505 506 507 508 509 510 511 512 513 514 515 516 517 518 519 520 521 522 523 524 525 526 527 528 529 530 531 532 533 534 535 536 537 538 539 540 541 542 543 544 545 546 547 548 549 550 551 552 553 554 555 556 557 558 559 560 561 562 563 564 565 566 567 568 569 570 571 572 573 574 575 576 577 578 579 580 581 582 583 584 585 586 587 588 589 590 591 592 593 594 595 596 597 598 599 600 601 602 603 604 605 606 607 608 609 610 611 612 613 614 615 616 617 618 619 620 621 622 623 624 625 626 627 628 629 630 631 632 633 634 635 636 637 638 639 640 641 642 643 644 645 646 647 648 649 650 651 652 653 654 655 656 657 658 659 660 661 662 663 664 665 666 667 668 669 670 671 672 673 674 675 676 677 678 679 680 681 682 683 684 685 686 687 688 689 690 691 692 693 694 695 696 697 698 699 700 701 702 703 704 705 706 707 708 709 710 711 712 713 714 715 716 717 718 719 720 721 722 723 724 725 726 727 728 729 730 731 732 733 734 735 736 737 738 739 740 741 742 743 744 745 746 747 748 749 750 751 752 753 754 755 756 757 758 759 760 761 762 763 764 765 766 767 768 769 770 771 772 773 774 775 776 777 778 779 780 781 782 783 784 785 786 787 788 789 790 791 792 793 794 795 796 797 798 799 800 801 802 803 804 805 806 807 808 809 810 811 812 813 814 815 816 817 818 819 820 821 822 823 824 825 826 827 828 829 830 831 832 833 834 835 836 837 838 839 840 841 842 843 844 845 846 847 848 849 850 851 852 853 854 855 856 857 858 859 860 861 862 863 864 865 866 867 868 869 870 871 872 873 874 875 876 877 878 879 880 881 882 883 884 885 886 887 888 889 890 891 892 893 894 895 896 897 898 899 900 901 902 903 904 905 906 907 908 909 910 911 912 913 914 915 916 917 918 919 920 921 922 923 924 925 926 927 928 929 930 931 932 933 934 935 936 937 938 939 940 941 942 943 944 945 946 947 948 949 950 951 952 953 954 955 956 957 958 959 960 961 962 963 964 965 966 967 968 969 970 971 972 973 974 975 976 977 978 979 980 981 982 983 984 985 986 987 988 989 990 991 992 993 994 995 996 997 998 999 1000 1001 1002 1003 1004 1005 1006 1007 1008 1009 1010 1011 1012 1013 1014 1015 1016 1017 1018 1019 1020 1021 1022 1023 1024 1025 1026 1027 1028 1029 1030 1031 1032 1033 1034 1035 1036 1037 1038 1039 1040 1041 1042 1043 1044 1045 1046 1047 1048 1049 1050 1051 1052 1053 1054 1055 1056 1057 1058 1059 1060 1061 1062 1063 1064 1065 1066 1067 1068 1069 1070 1071 1072 1073 1074 1075 1076 1077 1078 1079 1080 1081 1082 
0
0
 P       4_M_FND_PERIM_S4
0
2
12
435 459 483 507 531 555 723 747 771 795 819 843 
0
0
SOIL_WHOLE
0
1
1056
27 28 29 30 31 32 33 34 35 36 37 38 39 40 41 42 43 44 45 46 47 48 49 50 51 52 53 54 55 56 57 58 59 60 61 62 63 64 65 66 67 68 69 70 71 72 73 74 75 76 77 78 79 80 81 82 83 84 85 86 87 88 89 90 91 92 93 94 95 96 97 98 99 100 101 102 103 104 105 106 107 108 109 110 111 112 113 114 115 116 117 118 119 120 121 122 123 124 125 126 127 128 129 130 131 132 133 134 135 136 137 138 139 140 141 142 143 144 145 146 147 148 149 150 151 152 153 154 155 156 157 158 159 160 161 162 163 164 165 166 167 168 169 170 171 172 173 174 175 176 177 178 179 180 181 182 183 184 185 186 187 188 189 190 191 192 193 194 195 196 197 198 199 200 201 202 203 204 205 206 207 208 209 210 211 212 213 214 215 216 217 218 219 220 221 222 223 224 225 226 227 228 229 230 231 232 233 234 235 236 237 238 239 240 241 242 243 244 245 246 247 248 249 250 251 252 253 254 255 256 257 258 259 260 261 262 263 264 265 266 267 268 269 270 271 272 273 274 275 276 277 278 279 280 281 282 283 284 285 286 287 288 289 290 291 292 293 294 295 296 297 298 299 300 301 302 303 304 305 306 307 308 309 310 311 312 313 314 315 316 317 318 319 320 321 322 323 324 325 326 327 328 329 330 331 332 333 334 335 336 337 338 339 340 341 342 343 344 345 346 347 348 349 350 351 352 353 354 355 356 357 358 359 360 361 362 363 364 365 366 367 368 369 370 371 372 373 374 375 376 377 378 379 380 381 382 383 384 385 386 387 388 389 390 391 392 393 394 395 396 397 398 399 400 401 402 403 404 405 406 407 408 409 410 411 412 413 414 415 416 417 418 419 420 421 422 423 424 425 426 427 428 429 430 431 432 433 434 435 436 437 438 439 440 441 442 443 444 445 446 447 448 449 450 451 452 453 454 455 456 457 458 459 460 461 462 463 464 465 466 467 468 469 470 471 472 473 474 475 476 477 478 479 480 481 482 483 484 485 486 487 488 489 490 491 492 493 494 495 496 497 498 499 500 501 502 503 504 505 506 507 508 509 510 511 512 513 514 515 516 517 518 519 520 521 522 523 524 525 526 527 528 529 530 531 532 533 534 535 536 537 538 539 540 541 542 543 544 545 546 547 548 549 550 551 552 553 554 555 556 557 558 559 560 561 562 563 564 565 566 567 568 569 570 571 572 573 574 575 576 577 578 579 580 581 582 583 584 585 586 587 588 589 590 591 592 593 594 595 596 597 598 599 600 601 602 603 604 605 606 607 608 609 610 611 612 613 614 615 616 617 618 619 620 621 622 623 624 625 626 627 628 629 630 631 632 633 634 635 636 637 638 639 640 641 642 643 644 645 646 647 648 649 650 651 652 653 654 655 656 657 658 659 660 661 662 663 664 665 666 667 668 669 670 671 672 673 674 675 676 677 678 679 680 681 682 683 684 685 686 687 688 689 690 691 692 693 694 695 696 697 698 699 700 701 702 703 704 705 706 707 708 709 710 711 712 713 714 715 716 717 718 719 720 721 722 723 724 725 726 727 728 729 730 731 732 733 734 735 736 737 738 739 740 741 742 743 744 745 746 747 748 749 750 751 752 753 754 755 756 757 758 759 760 761 762 763 764 765 766 767 768 769 770 771 772 773 774 775 776 777 778 779 780 781 782 783 784 785 786 787 788 789 790 791 792 793 794 795 796 797 798 799 800 801 802 803 804 805 806 807 808 809 810 811 812 813 814 815 816 817 818 819 820 821 822 823 824 825 826 827 828 829 830 831 832 833 834 835 836 837 838 839 840 841 842 843 844 845 846 847 848 849 850 851 852 853 854 855 856 857 858 859 860 861 862 863 864 865 866 867 868 869 870 871 872 873 874 875 876 877 878 879 880 881 882 883 884 885 886 887 888 889 890 891 892 893 894 895 896 897 898 899 900 901 902 903 904 905 906 907 908 909 910 911 912 913 914 915 916 917 918 919 920 921 922 923 924 925 926 927 928 929 930 931 932 933 934 935 936 937 938 939 940 941 942 943 944 945 946 947 948 949 950 951 952 953 954 955 956 957 958 959 960 961 962 963 964 965 966 967 968 969 970 971 972 973 974 975 976 977 978 979 980 981 982 983 984 985 986 987 988 989 990 991 992 993 994 995 996 997 998 999 1000 1001 1002 1003 1004 1005 1006 1007 1008 1009 1010 1011 1012 1013 1014 1015 1016 1017 1018 1019 1020 1021 1022 1023 1024 1025 1026 1027 1028 1029 1030 1031 1032 1033 1034 1035 1036 1037 1038 1039 1040 1041 1042 1043 1044 1045 1046 1047 1048 1049 1050 1051 1052 1053 1054 1055 1056 1057 1058 1059 1060 1061 1062 1063 1064 1065 1066 1067 1068 1069 1070 1071 1072 1073 1074 1075 1076 1077 1078 1079 1080 1081 1082 
0
0
_BASE_SOIL_S4
0
2
12
435 459 483 507 531 555 723 747 771 795 819 843 
0
0
0
MASS-1
2
 P       2
0
2
2
25 19947 
0
0
_PICKEDSET5_MASS_INERTIA-1__
0
1
1
25 
0
0
0
9

0
2
0
5

1
1 
FND-1
39
2 3 4 5 6 7 8 9 10 11 12 13 14 15 16 17 18 19 20 21 22 23 24 25 26 27 28 29 30 31 32 33 34 35 36 37 38 39 40 
PIER-1
2
43 44 
MASS-1
1
42 
SOIL-1
1125
46 47 48 49 50 51 52 53 54 55 56 57 58 59 60 61 62 63 64 65 66 67 68 69 70 71 72 73 74 75 76 77 78 79 80 81 82 83 84 85 86 87 88 89 90 91 92 93 94 95 96 97 98 99 100 101 102 103 104 105 106 107 108 109 110 111 112 113 114 115 116 117 118 119 120 121 122 123 124 125 126 127 128 129 130 131 132 133 134 135 136 137 138 139 140 141 142 143 144 145 146 147 148 149 150 151 152 153 154 155 156 157 158 159 160 161 162 163 164 165 166 167 168 169 170 171 172 173 174 175 176 177 178 179 180 181 182 183 184 185 186 187 188 189 190 191 192 193 194 195 196 197 198 199 200 201 202 203 204 205 206 207 208 209 210 211 212 213 214 215 216 217 218 219 220 221 222 223 224 225 226 227 228 229 230 231 232 233 234 235 236 237 238 239 240 241 242 243 244 245 246 247 248 249 250 251 252 253 254 255 256 257 258 259 260 261 262 263 264 265 266 267 268 269 270 271 272 273 274 275 276 277 278 279 280 281 282 283 284 285 286 287 288 289 290 291 292 293 294 295 296 297 298 299 300 301 302 303 304 305 306 307 308 309 310 311 312 313 314 315 316 317 318 319 320 321 322 323 324 325 326 327 328 329 330 331 332 333 334 335 336 337 338 339 340 341 342 343 344 345 346 347 348 349 350 351 352 353 354 355 356 357 358 359 360 361 362 363 364 365 366 367 368 369 370 371 372 373 374 375 376 377 378 379 380 381 382 383 384 385 386 387 388 389 390 391 392 393 394 395 396 397 398 399 400 401 402 403 404 405 406 407 408 409 410 411 412 413 414 415 416 417 418 419 420 421 422 423 424 425 426 427 428 429 430 431 432 433 434 435 436 437 438 439 440 441 442 443 444 445 446 447 448 449 450 451 452 453 454 455 456 457 458 459 460 461 462 463 464 465 466 467 468 469 470 471 472 473 474 475 476 477 478 479 480 481 482 483 484 485 486 487 488 489 490 491 492 493 494 495 496 497 498 499 500 501 502 503 504 505 506 507 508 509 510 511 512 513 514 515 516 517 518 519 520 521 522 523 524 525 526 527 528 529 530 531 532 533 534 535 536 537 538 539 540 541 542 543 544 545 546 547 548 549 550 551 552 553 554 555 556 557 558 559 560 561 562 563 564 565 566 567 568 569 570 571 572 573 574 575 576 577 578 579 580 581 582 583 584 585 586 587 588 589 590 591 592 593 594 595 596 597 598 599 600 601 602 603 604 605 606 607 608 609 610 611 612 613 614 615 616 617 618 619 620 621 622 623 624 625 626 627 628 629 630 631 632 633 634 635 636 637 638 639 640 641 642 643 644 645 646 647 648 649 650 651 652 653 654 655 656 657 658 659 660 661 662 663 664 665 666 667 668 669 670 671 672 673 674 675 676 677 678 679 680 681 682 683 684 685 686 687 688 689 690 691 692 693 694 695 696 697 698 699 700 701 702 703 704 705 706 707 708 709 710 711 712 713 714 715 716 717 718 719 720 721 722 723 724 725 726 727 728 729 730 731 732 733 734 735 736 737 738 739 740 741 742 743 744 745 746 747 748 749 750 751 752 753 754 755 756 757 758 759 760 761 762 763 764 765 766 767 768 769 770 771 772 773 774 775 776 777 778 779 780 781 782 783 784 785 786 787 788 789 790 791 792 793 794 795 796 797 798 799 800 801 802 803 804 805 806 807 808 809 810 811 812 813 814 815 816 817 818 819 820 821 822 823 824 825 826 827 828 829 830 831 832 833 834 835 836 837 838 839 840 841 842 843 844 845 846 847 848 849 850 851 852 853 854 855 856 857 858 859 860 861 862 863 864 865 866 867 868 869 870 871 872 873 874 875 876 877 878 879 880 881 882 883 884 885 886 887 888 889 890 891 892 893 894 895 896 897 898 899 900 901 902 903 904 905 906 907 908 909 910 911 912 913 914 915 916 917 918 919 920 921 922 923 924 925 926 927 928 929 930 931 932 933 934 935 936 937 938 939 940 941 942 943 944 945 946 947 948 949 950 951 952 953 954 955 956 957 958 959 960 961 962 963 964 965 966 967 968 969 970 971 972 973 974 975 976 977 978 979 980 981 982 983 984 985 986 987 988 989 990 991 992 993 994 995 996 997 998 999 1000 1001 1002 1003 1004 1005 1006 1007 1008 1009 1010 1011 1012 1013 1014 1015 1016 1017 1018 1019 1020 1021 1022 1023 1024 1025 1026 1027 1028 1029 1030 1031 1032 1033 1034 1035 1036 1037 1038 1039 1040 1041 1042 1043 1044 1045 1046 1047 1048 1049 1050 1051 1052 1053 1054 1055 1056 1057 1058 1059 1060 1061 1062 1063 1064 1065 1066 1067 1068 1069 1070 1071 1072 1073 1074 1075 1076 1077 1078 1079 1080 1081 1082 1083 1084 1085 1086 1087 1088 1089 1090 1091 1092 1093 1094 1095 1096 1097 1098 1099 1100 1101 1102 1103 1104 1105 1106 1107 1108 1109 1110 1111 1112 1113 1114 1115 1116 1117 1118 1119 1120 1121 1122 1123 1124 1125 1126 1127 1128 1129 1130 1131 1132 1133 1134 1135 1136 1137 1138 1139 1140 1141 1142 1143 1144 1145 1146 1147 1148 1149 1150 1151 1152 1153 1154 1155 1156 1157 1158 1159 1160 1161 1162 1163 1164 1165 1166 1167 1168 1169 1170 
0
M_SET-9
0
1
0
1
FND-1
14
2 3 4 5 6 7 8 23 25 27 29 31 33 41 
0
M_TOPFND
0
1
0
2
FND-1
14
2 3 4 5 6 7 8 23 25 27 29 31 33 41 
PIER-1
1
44 
0
RP_F
0
1
1
1 
0
0
RP_F_CNS_
0
2
1
1 
0
0
S_SET-10
0
1
0
1
PIER-1
2
43 44 
0
WIRE-1-SET-1
0
1
0
1
SOIL-1
46
48 49 52 53 83 84 85 86 87 88 89 90 91 92 93 94 96 97 98 99 100 101 102 103 104 105 141 142 143 144 145 146 147 148 149 150 151 152 153 154 155 156 157 158 159 160 
0
_PICKEDSET30
0
2
1
1 
0
0
_PICKEDSET62
0
2
1
1 
0
0
5
FND-1
6
 P       1
0
2
39
2 3 4 5 6 7 8 9 10 11 12 13 14 15 16 17 18 19 20 21 22 23 24 25 26 27 28 29 30 31 32 33 34 35 36 37 38 39 40 
0
0
 P       1M_TOPFND
0
2
13
2 3 4 5 6 7 8 23 25 27 29 31 33 
0
0
BOT_NODES
0
1
13
16 17 18 19 20 21 22 35 36 37 38 39 40 
0
0
CORNERS
0
1
2
16 22 
0
0
MD
0
1
1
12 
0
0
WHOLE_FND
0
1
39
2 3 4 5 6 7 8 9 10 11 12 13 14 15 16 17 18 19 20 21 22 23 24 25 26 27 28 29 30 31 32 33 34 35 36 37 38 39 40 
0
0
0
PIER-1
3
 P       3
0
2
2
43 44 
0
0
 P       3M_TOPFND
0
2
1
44 
0
0
PIER
0
1
2
43 44 
0
0
0

1
 P       0
0
2
1
1 
0
0
0
SOIL-1
8
 P       4
0
2
1125
46 47 48 49 50 51 52 53 54 55 56 57 58 59 60 61 62 63 64 65 66 67 68 69 70 71 72 73 74 75 76 77 78 79 80 81 82 83 84 85 86 87 88 89 90 91 92 93 94 95 96 97 98 99 100 101 102 103 104 105 106 107 108 109 110 111 112 113 114 115 116 117 118 119 120 121 122 123 124 125 126 127 128 129 130 131 132 133 134 135 136 137 138 139 140 141 142 143 144 145 146 147 148 149 150 151 152 153 154 155 156 157 158 159 160 161 162 163 164 165 166 167 168 169 170 171 172 173 174 175 176 177 178 179 180 181 182 183 184 185 186 187 188 189 190 191 192 193 194 195 196 197 198 199 200 201 202 203 204 205 206 207 208 209 210 211 212 213 214 215 216 217 218 219 220 221 222 223 224 225 226 227 228 229 230 231 232 233 234 235 236 237 238 239 240 241 242 243 244 245 246 247 248 249 250 251 252 253 254 255 256 257 258 259 260 261 262 263 264 265 266 267 268 269 270 271 272 273 274 275 276 277 278 279 280 281 282 283 284 285 286 287 288 289 290 291 292 293 294 295 296 297 298 299 300 301 302 303 304 305 306 307 308 309 310 311 312 313 314 315 316 317 318 319 320 321 322 323 324 325 326 327 328 329 330 331 332 333 334 335 336 337 338 339 340 341 342 343 344 345 346 347 348 349 350 351 352 353 354 355 356 357 358 359 360 361 362 363 364 365 366 367 368 369 370 371 372 373 374 375 376 377 378 379 380 381 382 383 384 385 386 387 388 389 390 391 392 393 394 395 396 397 398 399 400 401 402 403 404 405 406 407 408 409 410 411 412 413 414 415 416 417 418 419 420 421 422 423 424 425 426 427 428 429 430 431 432 433 434 435 436 437 438 439 440 441 442 443 444 445 446 447 448 449 450 451 452 453 454 455 456 457 458 459 460 461 462 463 464 465 466 467 468 469 470 471 472 473 474 475 476 477 478 479 480 481 482 483 484 485 486 487 488 489 490 491 492 493 494 495 496 497 498 499 500 501 502 503 504 505 506 507 508 509 510 511 512 513 514 515 516 517 518 519 520 521 522 523 524 525 526 527 528 529 530 531 532 533 534 535 536 537 538 539 540 541 542 543 544 545 546 547 548 549 550 551 552 553 554 555 556 557 558 559 560 561 562 563 564 565 566 567 568 569 570 571 572 573 574 575 576 577 578 579 580 581 582 583 584 585 586 587 588 589 590 591 592 593 594 595 596 597 598 599 600 601 602 603 604 605 606 607 608 609 610 611 612 613 614 615 616 617 618 619 620 621 622 623 624 625 626 627 628 629 630 631 632 633 634 635 636 637 638 639 640 641 642 643 644 645 646 647 648 649 650 651 652 653 654 655 656 657 658 659 660 661 662 663 664 665 666 667 668 669 670 671 672 673 674 675 676 677 678 679 680 681 682 683 684 685 686 687 688 689 690 691 692 693 694 695 696 697 698 699 700 701 702 703 704 705 706 707 708 709 710 711 712 713 714 715 716 717 718 719 720 721 722 723 724 725 726 727 728 729 730 731 732 733 734 735 736 737 738 739 740 741 742 743 744 745 746 747 748 749 750 751 752 753 754 755 756 757 758 759 760 761 762 763 764 765 766 767 768 769 770 771 772 773 774 775 776 777 778 779 780 781 782 783 784 785 786 787 788 789 790 791 792 793 794 795 796 797 798 799 800 801 802 803 804 805 806 807 808 809 810 811 812 813 814 815 816 817 818 819 820 821 822 823 824 825 826 827 828 829 830 831 832 833 834 835 836 837 838 839 840 841 842 843 844 845 846 847 848 849 850 851 852 853 854 855 856 857 858 859 860 861 862 863 864 865 866 867 868 869 870 871 872 873 874 875 876 877 878 879 880 881 882 883 884 885 886 887 888 889 890 891 892 893 894 895 896 897 898 899 900 901 902 903 904 905 906 907 908 909 910 911 912 913 914 915 916 917 918 919 920 921 922 923 924 925 926 927 928 929 930 931 932 933 934 935 936 937 938 939 940 941 942 943 944 945 946 947 948 949 950 951 952 953 954 955 956 957 958 959 960 961 962 963 964 965 966 967 968 969 970 971 972 973 974 975 976 977 978 979 980 981 982 983 984 985 986 987 988 989 990 991 992 993 994 995 996 997 998 999 1000 1001 1002 1003 1004 1005 1006 1007 1008 1009 1010 1011 1012 1013 1014 1015 1016 1017 1018 1019 1020 1021 1022 1023 1024 1025 1026 1027 1028 1029 1030 1031 1032 1033 1034 1035 1036 1037 1038 1039 1040 1041 1042 1043 1044 1045 1046 1047 1048 1049 1050 1051 1052 1053 1054 1055 1056 1057 1058 1059 1060 1061 1062 1063 1064 1065 1066 1067 1068 1069 1070 1071 1072 1073 1074 1075 1076 1077 1078 1079 1080 1081 1082 1083 1084 1085 1086 1087 1088 1089 1090 1091 1092 1093 1094 1095 1096 1097 1098 1099 1100 1101 1102 1103 1104 1105 1106 1107 1108 1109 1110 1111 1112 1113 1114 1115 1116 1117 1118 1119 1120 1121 1122 1123 1124 1125 1126 1127 1128 1129 1130 1131 1132 1133 1134 1135 1136 1137 1138 1139 1140 1141 1142 1143 1144 1145 1146 1147 1148 1149 1150 1151 1152 1153 1154 1155 1156 1157 1158 1159 1160 1161 1162 1163 1164 1165 1166 1167 1168 1169 1170 
0
0
BOTTOM_LAYER
0
1
45
47 48 50 53 77 78 79 80 81 82 164 165 166 167 168 169 170 171 172 173 174 175 176 177 178 179 180 745 770 795 820 845 870 895 920 945 970 995 1020 1021 1046 1071 1120 1145 1170 
0
0
LEFT_LAYER
0
1
25
52 53 141 142 143 144 145 146 147 148 149 150 151 152 153 154 155 156 157 158 159 160 161 162 163 
0
0
RIGHT_LAYER
0
1
25
48 49 83 84 85 86 87 88 89 90 91 92 93 94 95 96 97 98 99 100 101 102 103 104 105 
0
0
SOILUNDERFND
0
1
13
183 184 185 186 187 188 189 796 821 846 871 896 921 
0
0
SOIL_WHOLE
0
1
1125
46 47 48 49 50 51 52 53 54 55 56 57 58 59 60 61 62 63 64 65 66 67 68 69 70 71 72 73 74 75 76 77 78 79 80 81 82 83 84 85 86 87 88 89 90 91 92 93 94 95 96 97 98 99 100 101 102 103 104 105 106 107 108 109 110 111 112 113 114 115 116 117 118 119 120 121 122 123 124 125 126 127 128 129 130 131 132 133 134 135 136 137 138 139 140 141 142 143 144 145 146 147 148 149 150 151 152 153 154 155 156 157 158 159 160 161 162 163 164 165 166 167 168 169 170 171 172 173 174 175 176 177 178 179 180 181 182 183 184 185 186 187 188 189 190 191 192 193 194 195 196 197 198 199 200 201 202 203 204 205 206 207 208 209 210 211 212 213 214 215 216 217 218 219 220 221 222 223 224 225 226 227 228 229 230 231 232 233 234 235 236 237 238 239 240 241 242 243 244 245 246 247 248 249 250 251 252 253 254 255 256 257 258 259 260 261 262 263 264 265 266 267 268 269 270 271 272 273 274 275 276 277 278 279 280 281 282 283 284 285 286 287 288 289 290 291 292 293 294 295 296 297 298 299 300 301 302 303 304 305 306 307 308 309 310 311 312 313 314 315 316 317 318 319 320 321 322 323 324 325 326 327 328 329 330 331 332 333 334 335 336 337 338 339 340 341 342 343 344 345 346 347 348 349 350 351 352 353 354 355 356 357 358 359 360 361 362 363 364 365 366 367 368 369 370 371 372 373 374 375 376 377 378 379 380 381 382 383 384 385 386 387 388 389 390 391 392 393 394 395 396 397 398 399 400 401 402 403 404 405 406 407 408 409 410 411 412 413 414 415 416 417 418 419 420 421 422 423 424 425 426 427 428 429 430 431 432 433 434 435 436 437 438 439 440 441 442 443 444 445 446 447 448 449 450 451 452 453 454 455 456 457 458 459 460 461 462 463 464 465 466 467 468 469 470 471 472 473 474 475 476 477 478 479 480 481 482 483 484 485 486 487 488 489 490 491 492 493 494 495 496 497 498 499 500 501 502 503 504 505 506 507 508 509 510 511 512 513 514 515 516 517 518 519 520 521 522 523 524 525 526 527 528 529 530 531 532 533 534 535 536 537 538 539 540 541 542 543 544 545 546 547 548 549 550 551 552 553 554 555 556 557 558 559 560 561 562 563 564 565 566 567 568 569 570 571 572 573 574 575 576 577 578 579 580 581 582 583 584 585 586 587 588 589 590 591 592 593 594 595 596 597 598 599 600 601 602 603 604 605 606 607 608 609 610 611 612 613 614 615 616 617 618 619 620 621 622 623 624 625 626 627 628 629 630 631 632 633 634 635 636 637 638 639 640 641 642 643 644 645 646 647 648 649 650 651 652 653 654 655 656 657 658 659 660 661 662 663 664 665 666 667 668 669 670 671 672 673 674 675 676 677 678 679 680 681 682 683 684 685 686 687 688 689 690 691 692 693 694 695 696 697 698 699 700 701 702 703 704 705 706 707 708 709 710 711 712 713 714 715 716 717 718 719 720 721 722 723 724 725 726 727 728 729 730 731 732 733 734 735 736 737 738 739 740 741 742 743 744 745 746 747 748 749 750 751 752 753 754 755 756 757 758 759 760 761 762 763 764 765 766 767 768 769 770 771 772 773 774 775 776 777 778 779 780 781 782 783 784 785 786 787 788 789 790 791 792 793 794 795 796 797 798 799 800 801 802 803 804 805 806 807 808 809 810 811 812 813 814 815 816 817 818 819 820 821 822 823 824 825 826 827 828 829 830 831 832 833 834 835 836 837 838 839 840 841 842 843 844 845 846 847 848 849 850 851 852 853 854 855 856 857 858 859 860 861 862 863 864 865 866 867 868 869 870 871 872 873 874 875 876 877 878 879 880 881 882 883 884 885 886 887 888 889 890 891 892 893 894 895 896 897 898 899 900 901 902 903 904 905 906 907 908 909 910 911 912 913 914 915 916 917 918 919 920 921 922 923 924 925 926 927 928 929 930 931 932 933 934 935 936 937 938 939 940 941 942 943 944 945 946 947 948 949 950 951 952 953 954 955 956 957 958 959 960 961 962 963 964 965 966 967 968 969 970 971 972 973 974 975 976 977 978 979 980 981 982 983 984 985 986 987 988 989 990 991 992 993 994 995 996 997 998 999 1000 1001 1002 1003 1004 1005 1006 1007 1008 1009 1010 1011 1012 1013 1014 1015 1016 1017 1018 1019 1020 1021 1022 1023 1024 1025 1026 1027 1028 1029 1030 1031 1032 1033 1034 1035 1036 1037 1038 1039 1040 1041 1042 1043 1044 1045 1046 1047 1048 1049 1050 1051 1052 1053 1054 1055 1056 1057 1058 1059 1060 1061 1062 1063 1064 1065 1066 1067 1068 1069 1070 1071 1072 1073 1074 1075 1076 1077 1078 1079 1080 1081 1082 1083 1084 1085 1086 1087 1088 1089 1090 1091 1092 1093 1094 1095 1096 1097 1098 1099 1100 1101 1102 1103 1104 1105 1106 1107 1108 1109 1110 1111 1112 1113 1114 1115 1116 1117 1118 1119 1120 1121 1122 1123 1124 1125 1126 1127 1128 1129 1130 1131 1132 1133 1134 1135 1136 1137 1138 1139 1140 1141 1142 1143 1144 1145 1146 1147 1148 1149 1150 1151 1152 1153 1154 1155 1156 1157 1158 1159 1160 1161 1162 1163 1164 1165 1166 1167 1168 1169 1170 
0
0
UNDERFND_1
0
1
3
514 583 652 
0
0
UNDERFND_2
0
1
1
493 
0
0
0
MASS-1
4
 P       2
0
2
1
42 
0
0
MASS
0
1
1
42 
0
0
MASS-REFPT_
0
2
1
42 
0
0
_PICKEDSET5
0
2
1
42 
0
0
0
2
FND-1
1
BOT_F
0
0
1
S3
12
7 8 9 10 11 12 19 20 21 22 23 24 
SOIL-1
1
BASE_SOIL
0
0
1
S4
12
435 459 483 507 531 555 723 747 771 795 819 843 
6
M_FND_PERIM
0
0
0
2
FND-1
0
0
3
S2
2
18 24 
S3
12
7 8 9 10 11 12 19 20 21 22 23 24 
S4
2
1 7 
SOIL-1
0
0
1
S4
12
435 459 483 507 531 555 723 747 771 795 819 843 
M_SURF-FNDTOP
0
0
0
1
FND-1
0
0
1
S1
12
1 2 3 4 5 6 13 14 15 16 17 18 
RP_F_CNS__CNS_
1
0
1
1
1
0
SURF_SOIL_BOT
0
0
0
1
SOIL-1
0
0
1
S4
12
435 459 483 507 531 555 723 747 771 795 819 843 
S_PIER
0
0
0
1
PIER-1
0
0
1
SNEG
1
26 
S_SURF-3
0
0
0
1
PIER-1
0
0
1
SNEG
1
26 
